c:\users\lwq20\onedrive\documentos\github\asteroids\asteroids3\tpv2\tpv2\x64\release\vc143.pdb
c:\users\lwq20\onedrive\documentos\github\asteroids\asteroids3\tpv2\tpv2\x64\release\rendersystem.obj
c:\users\lwq20\onedrive\documentos\github\asteroids\asteroids3\tpv2\tpv2\x64\release\networksystem.obj
c:\users\lwq20\onedrive\documentos\github\asteroids\asteroids3\tpv2\tpv2\x64\release\gamectrlsystem.obj
c:\users\lwq20\onedrive\documentos\github\asteroids\asteroids3\tpv2\tpv2\x64\release\fightersystem.obj
c:\users\lwq20\onedrive\documentos\github\asteroids\asteroids3\tpv2\tpv2\x64\release\collisionssystem.obj
c:\users\lwq20\onedrive\documentos\github\asteroids\asteroids3\tpv2\tpv2\x64\release\bulletsystem.obj
c:\users\lwq20\onedrive\documentos\github\asteroids\asteroids3\tpv2\tpv2\x64\release\asteroidssystem.obj
c:\users\lwq20\onedrive\documentos\github\asteroids\asteroids3\tpv2\tpv2\x64\release\playstatemultiplayer.obj
c:\users\lwq20\onedrive\documentos\github\asteroids\asteroids3\tpv2\tpv2\x64\release\playstate.obj
c:\users\lwq20\onedrive\documentos\github\asteroids\asteroids3\tpv2\tpv2\x64\release\pausestate.obj
c:\users\lwq20\onedrive\documentos\github\asteroids\asteroids3\tpv2\tpv2\x64\release\mainmenustate.obj
c:\users\lwq20\onedrive\documentos\github\asteroids\asteroids3\tpv2\tpv2\x64\release\endstate.obj
c:\users\lwq20\onedrive\documentos\github\asteroids\asteroids3\tpv2\tpv2\x64\release\texture.obj
c:\users\lwq20\onedrive\documentos\github\asteroids\asteroids3\tpv2\tpv2\x64\release\soundeffect.obj
c:\users\lwq20\onedrive\documentos\github\asteroids\asteroids3\tpv2\tpv2\x64\release\sdlutils.obj
c:\users\lwq20\onedrive\documentos\github\asteroids\asteroids3\tpv2\tpv2\x64\release\main.obj
c:\users\lwq20\onedrive\documentos\github\asteroids\asteroids3\tpv2\tpv2\x64\release\jsonvalue.obj
c:\users\lwq20\onedrive\documentos\github\asteroids\asteroids3\tpv2\tpv2\x64\release\json.obj
c:\users\lwq20\onedrive\documentos\github\asteroids\asteroids3\tpv2\tpv2\x64\release\gamestatemachine.obj
c:\users\lwq20\onedrive\documentos\github\asteroids\asteroids3\tpv2\tpv2\x64\release\game.obj
c:\users\lwq20\onedrive\documentos\github\asteroids\asteroids3\tpv2\tpv2\x64\release\vector2d.obj
c:\users\lwq20\onedrive\documentos\github\asteroids\asteroids3\tpv2\tpv2\x64\release\collisions.obj
c:\users\lwq20\onedrive\documentos\github\asteroids\asteroids3\tpv2\bin\tpv2release.lib
c:\users\lwq20\onedrive\documentos\github\asteroids\asteroids3\tpv2\bin\tpv2release.exp
c:\users\aliciamoravelasco\documents\github\asteroids\asteroids3\tpv2\bin\tpv2release.lib
c:\users\aliciamoravelasco\documents\github\asteroids\asteroids3\tpv2\bin\tpv2release.exp
c:\users\lwq20\onedrive\documentos\github\asteroids\asteroids3\tpv2\tpv2\x64\release\tpv2release.ipdb
c:\users\lwq20\onedrive\documentos\github\asteroids\asteroids3\tpv2\tpv2\x64\release\tpv2release.iobj
c:\users\lwq20\onedrive\documentos\github\asteroids\asteroids3\tpv2\bin\tpv2release.pdb
c:\users\lwq20\onedrive\documentos\github\asteroids\asteroids3\tpv2\bin\tpv2release.exe
c:\users\lwq20\onedrive\documentos\github\asteroids\asteroids3\tpv2\tpv2\x64\release\tpv2.tlog\cl.command.1.tlog
c:\users\lwq20\onedrive\documentos\github\asteroids\asteroids3\tpv2\tpv2\x64\release\tpv2.tlog\cl.read.1.tlog
c:\users\lwq20\onedrive\documentos\github\asteroids\asteroids3\tpv2\tpv2\x64\release\tpv2.tlog\cl.write.1.tlog
c:\users\lwq20\onedrive\documentos\github\asteroids\asteroids3\tpv2\tpv2\x64\release\tpv2.tlog\link.command.1.tlog
c:\users\lwq20\onedrive\documentos\github\asteroids\asteroids3\tpv2\tpv2\x64\release\tpv2.tlog\link.read.1.tlog
c:\users\lwq20\onedrive\documentos\github\asteroids\asteroids3\tpv2\tpv2\x64\release\tpv2.tlog\link.write.1.tlog
c:\users\lwq20\onedrive\documentos\github\asteroids\asteroids3\tpv2\tpv2\x64\release\tpv2.tlog\link.write.2u.tlog
c:\users\lwq20\onedrive\documentos\github\asteroids\asteroids3\tpv2\tpv2\x64\release\tpv2.tlog\tpv2.write.1u.tlog
