C:\Program Files\Microsoft Visual Studio\2022\Community\MSBuild\Microsoft\VC\v170\Microsoft.CppBuild.targets(520,5): warning MSB8004: El directorio Output no termina con una barra diagonal final. Esta instancia de compilación agregará la barra diagonal porque es necesaria para que se pueda evaluar correctamente el directorio Output.
  Game.cpp
C:\Users\AliciaMoraVelasco\Documents\GitHub\Asteroids\Asteroids3\TPV2\TPV2\src\game\constants.h(16,25): warning C4838: la conversión de 'float' en 'int' requiere una conversión de restricción
C:\Users\AliciaMoraVelasco\Documents\GitHub\Asteroids\Asteroids3\TPV2\TPV2\src\game\constants.h(16,25): warning C4244: 'inicializando': conversión de 'float' a 'int'; posible pérdida de datos
C:\Users\AliciaMoraVelasco\Documents\GitHub\Asteroids\Asteroids3\TPV2\TPV2\src\game\constants.h(17,26): warning C4838: la conversión de 'float' en 'int' requiere una conversión de restricción
C:\Users\AliciaMoraVelasco\Documents\GitHub\Asteroids\Asteroids3\TPV2\TPV2\src\game\constants.h(17,26): warning C4244: 'inicializando': conversión de 'float' a 'int'; posible pérdida de datos
C:\Users\AliciaMoraVelasco\Documents\GitHub\Asteroids\Asteroids3\TPV2\TPV2\src\Components\Transform.h(17,26): warning C4244: '=': conversión de 'float' a 'int'; posible pérdida de datos
C:\Users\AliciaMoraVelasco\Documents\GitHub\Asteroids\Asteroids3\TPV2\TPV2\src\Components\Transform.h(18,26): warning C4244: '=': conversión de 'float' a 'int'; posible pérdida de datos
C:\Users\AliciaMoraVelasco\Documents\GitHub\Asteroids\Asteroids3\TPV2\TPV2\src\Components\Transform.h(19,12): warning C4244: '=': conversión de 'float' a 'int'; posible pérdida de datos
C:\Users\AliciaMoraVelasco\Documents\GitHub\Asteroids\Asteroids3\TPV2\TPV2\src\Components\Transform.h(20,12): warning C4244: '=': conversión de 'float' a 'int'; posible pérdida de datos
C:\Users\AliciaMoraVelasco\Documents\GitHub\Asteroids\Asteroids3\TPV2\TPV2\src\Components\Transform.h(38,42): warning C4244: '=': conversión de 'int' a 'float'; posible pérdida de datos
C:\Users\AliciaMoraVelasco\Documents\GitHub\Asteroids\Asteroids3\TPV2\TPV2\src\systems\FighterSystem.h(70,67): warning C4244: 'return': conversión de 'double' a 'float'; posible pérdida de datos
C:\Users\AliciaMoraVelasco\Documents\GitHub\Asteroids\Asteroids3\TPV2\TPV2\src\systems\NetWorkSystem.h(70,67): warning C4244: 'return': conversión de 'double' a 'float'; posible pérdida de datos
C:\Users\AliciaMoraVelasco\Documents\GitHub\Asteroids\Asteroids3\TPV2\TPV2\src\utils\Singleton.h(57,44): warning C4244: 'argumento': conversión de 'const float' a 'int'; posible pérdida de datos
C:\Users\AliciaMoraVelasco\Documents\GitHub\Asteroids\Asteroids3\TPV2\TPV2\src\game\Game.cpp(9): message : Vea la referencia a la creación de una instancia de la función plantilla "T *Singleton<T>::init<const std::string&,const float&,const float&,const char(&)[41]>(const std::string &,const float &,const float &,const char (&)[41])" que se está compilando
          with
          [
              T=SDLUtils
          ]
C:\Users\AliciaMoraVelasco\Documents\GitHub\Asteroids\Asteroids3\TPV2\TPV2\src\game\Game.cpp(8): message : Vea la referencia a la creación de una instancia de la función plantilla "T *Singleton<T>::init<const std::string&,const float&,const float&,const char(&)[41]>(const std::string &,const float &,const float &,const char (&)[41])" que se está compilando
          with
          [
              T=SDLUtils
          ]
  main.cpp
C:\Users\AliciaMoraVelasco\Documents\GitHub\Asteroids\Asteroids3\TPV2\TPV2\src\game\constants.h(16,25): warning C4838: la conversión de 'float' en 'int' requiere una conversión de restricción
C:\Users\AliciaMoraVelasco\Documents\GitHub\Asteroids\Asteroids3\TPV2\TPV2\src\game\constants.h(16,25): warning C4244: 'inicializando': conversión de 'float' a 'int'; posible pérdida de datos
C:\Users\AliciaMoraVelasco\Documents\GitHub\Asteroids\Asteroids3\TPV2\TPV2\src\game\constants.h(17,26): warning C4838: la conversión de 'float' en 'int' requiere una conversión de restricción
C:\Users\AliciaMoraVelasco\Documents\GitHub\Asteroids\Asteroids3\TPV2\TPV2\src\game\constants.h(17,26): warning C4244: 'inicializando': conversión de 'float' a 'int'; posible pérdida de datos
C:\Users\AliciaMoraVelasco\Documents\GitHub\Asteroids\Asteroids3\TPV2\TPV2\src\Components\Transform.h(17,26): warning C4244: '=': conversión de 'float' a 'int'; posible pérdida de datos
C:\Users\AliciaMoraVelasco\Documents\GitHub\Asteroids\Asteroids3\TPV2\TPV2\src\Components\Transform.h(18,26): warning C4244: '=': conversión de 'float' a 'int'; posible pérdida de datos
C:\Users\AliciaMoraVelasco\Documents\GitHub\Asteroids\Asteroids3\TPV2\TPV2\src\Components\Transform.h(19,12): warning C4244: '=': conversión de 'float' a 'int'; posible pérdida de datos
C:\Users\AliciaMoraVelasco\Documents\GitHub\Asteroids\Asteroids3\TPV2\TPV2\src\Components\Transform.h(20,12): warning C4244: '=': conversión de 'float' a 'int'; posible pérdida de datos
C:\Users\AliciaMoraVelasco\Documents\GitHub\Asteroids\Asteroids3\TPV2\TPV2\src\Components\Transform.h(38,42): warning C4244: '=': conversión de 'int' a 'float'; posible pérdida de datos
C:\Users\AliciaMoraVelasco\Documents\GitHub\Asteroids\Asteroids3\TPV2\TPV2\src\systems\FighterSystem.h(70,67): warning C4244: 'return': conversión de 'double' a 'float'; posible pérdida de datos
C:\Users\AliciaMoraVelasco\Documents\GitHub\Asteroids\Asteroids3\TPV2\TPV2\src\systems\NetWorkSystem.h(70,67): warning C4244: 'return': conversión de 'double' a 'float'; posible pérdida de datos
  MainMenuState.cpp
C:\Users\AliciaMoraVelasco\Documents\GitHub\Asteroids\Asteroids3\TPV2\TPV2\src\game\constants.h(16,25): warning C4838: la conversión de 'float' en 'int' requiere una conversión de restricción
C:\Users\AliciaMoraVelasco\Documents\GitHub\Asteroids\Asteroids3\TPV2\TPV2\src\game\constants.h(16,25): warning C4244: 'inicializando': conversión de 'float' a 'int'; posible pérdida de datos
C:\Users\AliciaMoraVelasco\Documents\GitHub\Asteroids\Asteroids3\TPV2\TPV2\src\game\constants.h(17,26): warning C4838: la conversión de 'float' en 'int' requiere una conversión de restricción
C:\Users\AliciaMoraVelasco\Documents\GitHub\Asteroids\Asteroids3\TPV2\TPV2\src\game\constants.h(17,26): warning C4244: 'inicializando': conversión de 'float' a 'int'; posible pérdida de datos
C:\Users\AliciaMoraVelasco\Documents\GitHub\Asteroids\Asteroids3\TPV2\TPV2\src\Components\Transform.h(17,26): warning C4244: '=': conversión de 'float' a 'int'; posible pérdida de datos
C:\Users\AliciaMoraVelasco\Documents\GitHub\Asteroids\Asteroids3\TPV2\TPV2\src\Components\Transform.h(18,26): warning C4244: '=': conversión de 'float' a 'int'; posible pérdida de datos
C:\Users\AliciaMoraVelasco\Documents\GitHub\Asteroids\Asteroids3\TPV2\TPV2\src\Components\Transform.h(19,12): warning C4244: '=': conversión de 'float' a 'int'; posible pérdida de datos
C:\Users\AliciaMoraVelasco\Documents\GitHub\Asteroids\Asteroids3\TPV2\TPV2\src\Components\Transform.h(20,12): warning C4244: '=': conversión de 'float' a 'int'; posible pérdida de datos
C:\Users\AliciaMoraVelasco\Documents\GitHub\Asteroids\Asteroids3\TPV2\TPV2\src\Components\Transform.h(38,42): warning C4244: '=': conversión de 'int' a 'float'; posible pérdida de datos
C:\Users\AliciaMoraVelasco\Documents\GitHub\Asteroids\Asteroids3\TPV2\TPV2\src\systems\FighterSystem.h(70,67): warning C4244: 'return': conversión de 'double' a 'float'; posible pérdida de datos
C:\Users\AliciaMoraVelasco\Documents\GitHub\Asteroids\Asteroids3\TPV2\TPV2\src\systems\NetWorkSystem.h(70,67): warning C4244: 'return': conversión de 'double' a 'float'; posible pérdida de datos
C:\Users\AliciaMoraVelasco\Documents\GitHub\Asteroids\Asteroids3\TPV2\TPV2\src\sdlutils\SDLUtils.h(50,32): warning C4101: 'e': variable local sin referencia
C:\Users\AliciaMoraVelasco\Documents\GitHub\Asteroids\Asteroids3\TPV2\TPV2\src\sdlutils\SDLUtils.h(47): message : al compilar la función del miembro clase plantilla "Font &SDLUtils::map_access_wrapper<Font>::at(std::string)"
C:\Users\AliciaMoraVelasco\Documents\GitHub\Asteroids\Asteroids3\TPV2\TPV2\src\sdlutils\SDLUtils.h(191): message : Vea la referencia a la creación de una instancia de clase plantilla "SDLUtils::map_access_wrapper<Font>" que se está compilando
C:\Users\AliciaMoraVelasco\Documents\GitHub\Asteroids\Asteroids3\TPV2\TPV2\src\ecs\Manager.h(84,32): warning C4244: 'argumento': conversión de '_Ty' a 'float'; posible pérdida de datos
          with
          [
              _Ty=int
          ]
C:\Users\AliciaMoraVelasco\Documents\GitHub\Asteroids\Asteroids3\TPV2\TPV2\src\states\MainMenuState.cpp(31): message : Vea la referencia a la creación de una instancia de la función plantilla "T *Manager::addComponent<Transform,const Vector2D&,const Vector2D&,const int&,const int&,int>(Entity *,const Vector2D &,const Vector2D &,const int &,const int &,int &&)" que se está compilando
          with
          [
              T=Transform
          ]
C:\Users\AliciaMoraVelasco\Documents\GitHub\Asteroids\Asteroids3\TPV2\TPV2\src\ecs\Manager.h(84,32): warning C4244: 'argumento': conversión de 'const int' a 'float'; posible pérdida de datos
  GameCtrlSystem.cpp
C:\Users\AliciaMoraVelasco\Documents\GitHub\Asteroids\Asteroids3\TPV2\TPV2\src\game\constants.h(16,25): warning C4838: la conversión de 'float' en 'int' requiere una conversión de restricción
C:\Users\AliciaMoraVelasco\Documents\GitHub\Asteroids\Asteroids3\TPV2\TPV2\src\game\constants.h(16,25): warning C4244: 'inicializando': conversión de 'float' a 'int'; posible pérdida de datos
C:\Users\AliciaMoraVelasco\Documents\GitHub\Asteroids\Asteroids3\TPV2\TPV2\src\game\constants.h(17,26): warning C4838: la conversión de 'float' en 'int' requiere una conversión de restricción
C:\Users\AliciaMoraVelasco\Documents\GitHub\Asteroids\Asteroids3\TPV2\TPV2\src\game\constants.h(17,26): warning C4244: 'inicializando': conversión de 'float' a 'int'; posible pérdida de datos
C:\Users\AliciaMoraVelasco\Documents\GitHub\Asteroids\Asteroids3\TPV2\TPV2\src\Components\Transform.h(17,26): warning C4244: '=': conversión de 'float' a 'int'; posible pérdida de datos
C:\Users\AliciaMoraVelasco\Documents\GitHub\Asteroids\Asteroids3\TPV2\TPV2\src\Components\Transform.h(18,26): warning C4244: '=': conversión de 'float' a 'int'; posible pérdida de datos
C:\Users\AliciaMoraVelasco\Documents\GitHub\Asteroids\Asteroids3\TPV2\TPV2\src\Components\Transform.h(19,12): warning C4244: '=': conversión de 'float' a 'int'; posible pérdida de datos
C:\Users\AliciaMoraVelasco\Documents\GitHub\Asteroids\Asteroids3\TPV2\TPV2\src\Components\Transform.h(20,12): warning C4244: '=': conversión de 'float' a 'int'; posible pérdida de datos
C:\Users\AliciaMoraVelasco\Documents\GitHub\Asteroids\Asteroids3\TPV2\TPV2\src\Components\Transform.h(38,42): warning C4244: '=': conversión de 'int' a 'float'; posible pérdida de datos
C:\Users\AliciaMoraVelasco\Documents\GitHub\Asteroids\Asteroids3\TPV2\TPV2\src\systems\FighterSystem.h(70,67): warning C4244: 'return': conversión de 'double' a 'float'; posible pérdida de datos
C:\Users\AliciaMoraVelasco\Documents\GitHub\Asteroids\Asteroids3\TPV2\TPV2\src\systems\NetWorkSystem.h(70,67): warning C4244: 'return': conversión de 'double' a 'float'; posible pérdida de datos
C:\Users\AliciaMoraVelasco\Documents\GitHub\Asteroids\Asteroids3\TPV2\TPV2\src\sdlutils\SDLUtils.h(50,32): warning C4101: 'e': variable local sin referencia
C:\Users\AliciaMoraVelasco\Documents\GitHub\Asteroids\Asteroids3\TPV2\TPV2\src\sdlutils\SDLUtils.h(47): message : al compilar la función del miembro clase plantilla "Font &SDLUtils::map_access_wrapper<Font>::at(std::string)"
C:\Users\AliciaMoraVelasco\Documents\GitHub\Asteroids\Asteroids3\TPV2\TPV2\src\sdlutils\SDLUtils.h(191): message : Vea la referencia a la creación de una instancia de clase plantilla "SDLUtils::map_access_wrapper<Font>" que se está compilando
C:\Users\AliciaMoraVelasco\Documents\GitHub\Asteroids\Asteroids3\TPV2\TPV2\src\systems\GameCtrlSystem.cpp(192,5): warning C4267: 'inicializando': conversión de 'size_t' a 'int'; posible pérdida de datos
     Creando biblioteca C:\Users\AliciaMoraVelasco\Documents\GitHub\Asteroids\Asteroids3\TPV2\bin\TPV2Release.lib y objeto C:\Users\AliciaMoraVelasco\Documents\GitHub\Asteroids\Asteroids3\TPV2\bin\TPV2Release.exp
  Generando código
  8 of 2716 functions ( 0.3%) were compiled, the rest were copied from previous compilation.
    2 functions were new in current compilation
    21 functions had inline decision re-evaluated but remain unchanged
  Generación de código finalizada
  TPV2.vcxproj -> C:\Users\AliciaMoraVelasco\Documents\GitHub\Asteroids\Asteroids3\TPV2\bin\TPV2Release.exe
