c:\users\lwq20\onedrive\documentos\github\asteroids\asteroids\tpv2\tpv2\x64\debug\vc143.pdb
c:\users\lwq20\onedrive\documentos\github\asteroids\asteroids\tpv2\tpv2\x64\debug\vc143.idb
c:\users\lwq20\onedrive\documentos\github\asteroids\asteroids\tpv2\tpv2\x64\debug\pausestate.obj
c:\users\lwq20\onedrive\documentos\github\asteroids\asteroids\tpv2\tpv2\x64\debug\endstate.obj
c:\users\lwq20\onedrive\documentos\github\asteroids\asteroids\tpv2\tpv2\x64\debug\texture.obj
c:\users\lwq20\onedrive\documentos\github\asteroids\asteroids\tpv2\tpv2\x64\debug\soundeffect.obj
c:\users\lwq20\onedrive\documentos\github\asteroids\asteroids\tpv2\tpv2\x64\debug\sdlutils.obj
c:\users\lwq20\onedrive\documentos\github\asteroids\asteroids\tpv2\tpv2\x64\debug\main.obj
c:\users\lwq20\onedrive\documentos\github\asteroids\asteroids\tpv2\tpv2\x64\debug\jsonvalue.obj
c:\users\lwq20\onedrive\documentos\github\asteroids\asteroids\tpv2\tpv2\x64\debug\json.obj
c:\users\lwq20\onedrive\documentos\github\asteroids\asteroids\tpv2\tpv2\x64\debug\gamestatemachine.obj
c:\users\lwq20\onedrive\documentos\github\asteroids\asteroids\tpv2\tpv2\x64\debug\game.obj
c:\users\lwq20\onedrive\documentos\github\asteroids\asteroids\tpv2\tpv2\x64\debug\collisionsmanager.obj
c:\users\lwq20\onedrive\documentos\github\asteroids\asteroids\tpv2\tpv2\x64\debug\asteroidsmanager.obj
c:\users\lwq20\onedrive\documentos\github\asteroids\asteroids\tpv2\tpv2\x64\debug\showatoppositeside.obj
c:\users\lwq20\onedrive\documentos\github\asteroids\asteroids\tpv2\tpv2\x64\debug\health.obj
c:\users\lwq20\onedrive\documentos\github\asteroids\asteroids\tpv2\tpv2\x64\debug\gun.obj
c:\users\lwq20\onedrive\documentos\github\asteroids\asteroids\tpv2\tpv2\x64\debug\fightercontrol.obj
c:\users\lwq20\onedrive\documentos\github\asteroids\asteroids\tpv2\tpv2\x64\debug\deacceleration.obj
c:\users\lwq20\onedrive\documentos\github\asteroids\asteroids\tpv2\tpv2\x64\debug\disableonexit.obj
c:\users\lwq20\onedrive\documentos\github\asteroids\asteroids\tpv2\tpv2\x64\debug\generations.obj
c:\users\lwq20\onedrive\documentos\github\asteroids\asteroids\tpv2\tpv2\x64\debug\follow.obj
c:\users\lwq20\onedrive\documentos\github\asteroids\asteroids\tpv2\tpv2\x64\debug\vector2d.obj
c:\users\lwq20\onedrive\documentos\github\asteroids\asteroids\tpv2\tpv2\x64\debug\collisions.obj
c:\users\lwq20\onedrive\documentos\github\asteroids\asteroids\tpv2\tpv2\x64\debug\playstate.obj
c:\users\lwq20\onedrive\documentos\github\asteroids\asteroids\tpv2\bin\tpv2debug.lib
c:\users\lwq20\onedrive\documentos\github\asteroids\asteroids\tpv2\bin\tpv2debug.exp
c:\users\lwq20\onedrive\documentos\github\asteroids\asteroids\tpv2\bin\tpv2debug.exe
c:\users\lwq20\onedrive\documentos\github\asteroids\asteroids\tpv2\tpv2\x64\debug\tpv2debug.ilk
c:\users\lwq20\onedrive\documentos\github\asteroids\asteroids\tpv2\bin\tpv2debug.pdb
c:\users\lwq20\onedrive\documentos\github\asteroids\asteroids\tpv2\tpv2\x64\debug\tpv2.tlog\cl.command.1.tlog
c:\users\lwq20\onedrive\documentos\github\asteroids\asteroids\tpv2\tpv2\x64\debug\tpv2.tlog\cl.read.1.tlog
c:\users\lwq20\onedrive\documentos\github\asteroids\asteroids\tpv2\tpv2\x64\debug\tpv2.tlog\cl.write.1.tlog
c:\users\lwq20\onedrive\documentos\github\asteroids\asteroids\tpv2\tpv2\x64\debug\tpv2.tlog\link.command.1.tlog
c:\users\lwq20\onedrive\documentos\github\asteroids\asteroids\tpv2\tpv2\x64\debug\tpv2.tlog\link.read.1.tlog
c:\users\lwq20\onedrive\documentos\github\asteroids\asteroids\tpv2\tpv2\x64\debug\tpv2.tlog\link.write.1.tlog
c:\users\lwq20\onedrive\documentos\github\asteroids\asteroids\tpv2\tpv2\x64\debug\tpv2.tlog\link.write.2u.tlog
