c:\users\aliciamoravelasco\documents\github\asteroids\asteroids3\tpv2\tpv2\x64\debug\vc143.pdb
c:\users\aliciamoravelasco\documents\github\asteroids\asteroids3\tpv2\tpv2\x64\debug\vc143.idb
c:\users\aliciamoravelasco\documents\github\asteroids\asteroids3\tpv2\tpv2\x64\debug\rendersystem.obj
c:\users\aliciamoravelasco\documents\github\asteroids\asteroids3\tpv2\tpv2\x64\debug\networksystem.obj
c:\users\aliciamoravelasco\documents\github\asteroids\asteroids3\tpv2\tpv2\x64\debug\gamectrlsystem.obj
c:\users\aliciamoravelasco\documents\github\asteroids\asteroids3\tpv2\tpv2\x64\debug\fightersystem.obj
c:\users\aliciamoravelasco\documents\github\asteroids\asteroids3\tpv2\tpv2\x64\debug\collisionssystem.obj
c:\users\aliciamoravelasco\documents\github\asteroids\asteroids3\tpv2\tpv2\x64\debug\bulletsystem.obj
c:\users\aliciamoravelasco\documents\github\asteroids\asteroids3\tpv2\tpv2\x64\debug\asteroidssystem.obj
c:\users\aliciamoravelasco\documents\github\asteroids\asteroids3\tpv2\tpv2\x64\debug\playstatemultiplayer.obj
c:\users\aliciamoravelasco\documents\github\asteroids\asteroids3\tpv2\tpv2\x64\debug\playstate.obj
c:\users\aliciamoravelasco\documents\github\asteroids\asteroids3\tpv2\tpv2\x64\debug\pausestate.obj
c:\users\aliciamoravelasco\documents\github\asteroids\asteroids3\tpv2\tpv2\x64\debug\mainmenustate.obj
c:\users\aliciamoravelasco\documents\github\asteroids\asteroids3\tpv2\tpv2\x64\debug\endstate.obj
c:\users\aliciamoravelasco\documents\github\asteroids\asteroids3\tpv2\tpv2\x64\debug\texture.obj
c:\users\aliciamoravelasco\documents\github\asteroids\asteroids3\tpv2\tpv2\x64\debug\soundeffect.obj
c:\users\aliciamoravelasco\documents\github\asteroids\asteroids3\tpv2\tpv2\x64\debug\sdlutils.obj
c:\users\aliciamoravelasco\documents\github\asteroids\asteroids3\tpv2\tpv2\x64\debug\main.obj
c:\users\aliciamoravelasco\documents\github\asteroids\asteroids3\tpv2\tpv2\x64\debug\jsonvalue.obj
c:\users\aliciamoravelasco\documents\github\asteroids\asteroids3\tpv2\tpv2\x64\debug\json.obj
c:\users\aliciamoravelasco\documents\github\asteroids\asteroids3\tpv2\tpv2\x64\debug\gamestatemachine.obj
c:\users\aliciamoravelasco\documents\github\asteroids\asteroids3\tpv2\tpv2\x64\debug\game.obj
c:\users\aliciamoravelasco\documents\github\asteroids\asteroids3\tpv2\tpv2\x64\debug\vector2d.obj
c:\users\aliciamoravelasco\documents\github\asteroids\asteroids3\tpv2\tpv2\x64\debug\collisions.obj
c:\users\lwq20\onedrive\documentos\github\asteroids\asteroids3\tpv2\bin\tpv2debug.lib
c:\users\lwq20\onedrive\documentos\github\asteroids\asteroids3\tpv2\bin\tpv2debug.exp
c:\users\aliciamoravelasco\documents\github\asteroids\asteroids3\tpv2\bin\tpv2debug.exe
c:\users\aliciamoravelasco\documents\github\asteroids\asteroids3\tpv2\tpv2\x64\debug\tpv2debug.ilk
c:\users\aliciamoravelasco\documents\github\asteroids\asteroids3\tpv2\bin\tpv2debug.pdb
c:\users\aliciamoravelasco\documents\github\asteroids\asteroids3\tpv2\bin\tpv2debug.lib
c:\users\aliciamoravelasco\documents\github\asteroids\asteroids3\tpv2\bin\tpv2debug.exp
c:\users\aliciamoravelasco\documents\github\asteroids\asteroids3\tpv2\tpv2\x64\debug\tpv2.tlog\cl.command.1.tlog
c:\users\aliciamoravelasco\documents\github\asteroids\asteroids3\tpv2\tpv2\x64\debug\tpv2.tlog\cl.read.1.tlog
c:\users\aliciamoravelasco\documents\github\asteroids\asteroids3\tpv2\tpv2\x64\debug\tpv2.tlog\cl.write.1.tlog
c:\users\aliciamoravelasco\documents\github\asteroids\asteroids3\tpv2\tpv2\x64\debug\tpv2.tlog\link.command.1.tlog
c:\users\aliciamoravelasco\documents\github\asteroids\asteroids3\tpv2\tpv2\x64\debug\tpv2.tlog\link.read.1.tlog
c:\users\aliciamoravelasco\documents\github\asteroids\asteroids3\tpv2\tpv2\x64\debug\tpv2.tlog\link.write.1.tlog
c:\users\aliciamoravelasco\documents\github\asteroids\asteroids3\tpv2\tpv2\x64\debug\tpv2.tlog\tpv2.write.1u.tlog
