C:\Program Files\Microsoft Visual Studio\2022\Community\MSBuild\Microsoft\VC\v170\Microsoft.CppBuild.targets(520,5): warning MSB8004: El directorio Output no termina con una barra diagonal final. Esta instancia de compilación agregará la barra diagonal porque es necesaria para que se pueda evaluar correctamente el directorio Output.
  MainMenuState.cpp
C:\Users\AliciaMoraVelasco\Documents\GitHub\Asteroids\Asteroids3\TPV2\TPV2\src\game\constants.h(16,25): warning C4838: la conversión de 'float' en 'int' requiere una conversión de restricción
C:\Users\AliciaMoraVelasco\Documents\GitHub\Asteroids\Asteroids3\TPV2\TPV2\src\game\constants.h(16,25): warning C4244: 'inicializando': conversión de 'float' a 'int'; posible pérdida de datos
C:\Users\AliciaMoraVelasco\Documents\GitHub\Asteroids\Asteroids3\TPV2\TPV2\src\game\constants.h(17,26): warning C4838: la conversión de 'float' en 'int' requiere una conversión de restricción
C:\Users\AliciaMoraVelasco\Documents\GitHub\Asteroids\Asteroids3\TPV2\TPV2\src\game\constants.h(17,26): warning C4244: 'inicializando': conversión de 'float' a 'int'; posible pérdida de datos
C:\Users\AliciaMoraVelasco\Documents\GitHub\Asteroids\Asteroids3\TPV2\TPV2\src\Components\Transform.h(17,26): warning C4244: '=': conversión de 'float' a 'int'; posible pérdida de datos
C:\Users\AliciaMoraVelasco\Documents\GitHub\Asteroids\Asteroids3\TPV2\TPV2\src\Components\Transform.h(18,26): warning C4244: '=': conversión de 'float' a 'int'; posible pérdida de datos
C:\Users\AliciaMoraVelasco\Documents\GitHub\Asteroids\Asteroids3\TPV2\TPV2\src\Components\Transform.h(19,12): warning C4244: '=': conversión de 'float' a 'int'; posible pérdida de datos
C:\Users\AliciaMoraVelasco\Documents\GitHub\Asteroids\Asteroids3\TPV2\TPV2\src\Components\Transform.h(20,12): warning C4244: '=': conversión de 'float' a 'int'; posible pérdida de datos
C:\Users\AliciaMoraVelasco\Documents\GitHub\Asteroids\Asteroids3\TPV2\TPV2\src\Components\Transform.h(42,42): warning C4244: '=': conversión de 'int' a 'float'; posible pérdida de datos
C:\Users\AliciaMoraVelasco\Documents\GitHub\Asteroids\Asteroids3\TPV2\TPV2\src\systems\FighterSystem.h(98,29): warning C4244: 'argumento': conversión de 'const float' a 'int'; posible pérdida de datos
C:\Users\AliciaMoraVelasco\Documents\GitHub\Asteroids\Asteroids3\TPV2\TPV2\src\systems\FighterSystem.h(103,30): warning C4244: 'argumento': conversión de 'const float' a 'int'; posible pérdida de datos
C:\Users\AliciaMoraVelasco\Documents\GitHub\Asteroids\Asteroids3\TPV2\TPV2\src\systems\FighterSystem.h(107,30): warning C4244: 'argumento': conversión de 'const float' a 'int'; posible pérdida de datos
C:\Users\AliciaMoraVelasco\Documents\GitHub\Asteroids\Asteroids3\TPV2\TPV2\src\systems\FighterSystem.h(112,67): warning C4244: 'return': conversión de 'double' a 'float'; posible pérdida de datos
C:\Users\AliciaMoraVelasco\Documents\GitHub\Asteroids\Asteroids3\TPV2\TPV2\src\sdlutils\SDLUtils.h(50,32): warning C4101: 'e': variable local sin referencia
C:\Users\AliciaMoraVelasco\Documents\GitHub\Asteroids\Asteroids3\TPV2\TPV2\src\sdlutils\SDLUtils.h(47): message : al compilar la función del miembro clase plantilla "Font &SDLUtils::map_access_wrapper<Font>::at(std::string)"
C:\Users\AliciaMoraVelasco\Documents\GitHub\Asteroids\Asteroids3\TPV2\TPV2\src\sdlutils\SDLUtils.h(191): message : Vea la referencia a la creación de una instancia de clase plantilla "SDLUtils::map_access_wrapper<Font>" que se está compilando
C:\Users\AliciaMoraVelasco\Documents\GitHub\Asteroids\Asteroids3\TPV2\TPV2\src\ecs\Manager.h(84,32): warning C4244: 'argumento': conversión de '_Ty' a 'float'; posible pérdida de datos
          with
          [
              _Ty=int
          ]
C:\Users\AliciaMoraVelasco\Documents\GitHub\Asteroids\Asteroids3\TPV2\TPV2\src\states\MainMenuState.cpp(17): message : Vea la referencia a la creación de una instancia de la función plantilla "T *Manager::addComponent<Transform,const Vector2D&,const Vector2D&,const int&,const int&,int>(Entity *,const Vector2D &,const Vector2D &,const int &,const int &,int &&)" que se está compilando
          with
          [
              T=Transform
          ]
C:\Users\AliciaMoraVelasco\Documents\GitHub\Asteroids\Asteroids3\TPV2\TPV2\src\ecs\Manager.h(84,32): warning C4244: 'argumento': conversión de 'const int' a 'float'; posible pérdida de datos
  PlayStateMultiplayer.cpp
C:\Users\AliciaMoraVelasco\Documents\GitHub\Asteroids\Asteroids3\TPV2\TPV2\src\game\constants.h(16,25): warning C4838: la conversión de 'float' en 'int' requiere una conversión de restricción
C:\Users\AliciaMoraVelasco\Documents\GitHub\Asteroids\Asteroids3\TPV2\TPV2\src\game\constants.h(16,25): warning C4244: 'inicializando': conversión de 'float' a 'int'; posible pérdida de datos
C:\Users\AliciaMoraVelasco\Documents\GitHub\Asteroids\Asteroids3\TPV2\TPV2\src\game\constants.h(17,26): warning C4838: la conversión de 'float' en 'int' requiere una conversión de restricción
C:\Users\AliciaMoraVelasco\Documents\GitHub\Asteroids\Asteroids3\TPV2\TPV2\src\game\constants.h(17,26): warning C4244: 'inicializando': conversión de 'float' a 'int'; posible pérdida de datos
C:\Users\AliciaMoraVelasco\Documents\GitHub\Asteroids\Asteroids3\TPV2\TPV2\src\components\Transform.h(17,26): warning C4244: '=': conversión de 'float' a 'int'; posible pérdida de datos
C:\Users\AliciaMoraVelasco\Documents\GitHub\Asteroids\Asteroids3\TPV2\TPV2\src\components\Transform.h(18,26): warning C4244: '=': conversión de 'float' a 'int'; posible pérdida de datos
C:\Users\AliciaMoraVelasco\Documents\GitHub\Asteroids\Asteroids3\TPV2\TPV2\src\components\Transform.h(19,12): warning C4244: '=': conversión de 'float' a 'int'; posible pérdida de datos
C:\Users\AliciaMoraVelasco\Documents\GitHub\Asteroids\Asteroids3\TPV2\TPV2\src\components\Transform.h(20,12): warning C4244: '=': conversión de 'float' a 'int'; posible pérdida de datos
C:\Users\AliciaMoraVelasco\Documents\GitHub\Asteroids\Asteroids3\TPV2\TPV2\src\components\Transform.h(42,42): warning C4244: '=': conversión de 'int' a 'float'; posible pérdida de datos
C:\Users\AliciaMoraVelasco\Documents\GitHub\Asteroids\Asteroids3\TPV2\TPV2\src\systems\FighterSystem.h(98,29): warning C4244: 'argumento': conversión de 'const float' a 'int'; posible pérdida de datos
C:\Users\AliciaMoraVelasco\Documents\GitHub\Asteroids\Asteroids3\TPV2\TPV2\src\systems\FighterSystem.h(103,30): warning C4244: 'argumento': conversión de 'const float' a 'int'; posible pérdida de datos
C:\Users\AliciaMoraVelasco\Documents\GitHub\Asteroids\Asteroids3\TPV2\TPV2\src\systems\FighterSystem.h(107,30): warning C4244: 'argumento': conversión de 'const float' a 'int'; posible pérdida de datos
C:\Users\AliciaMoraVelasco\Documents\GitHub\Asteroids\Asteroids3\TPV2\TPV2\src\systems\FighterSystem.h(112,67): warning C4244: 'return': conversión de 'double' a 'float'; posible pérdida de datos
C:\Users\AliciaMoraVelasco\Documents\GitHub\Asteroids\Asteroids3\TPV2\TPV2\src\sdlutils\SDLUtils.h(50,32): warning C4101: 'e': variable local sin referencia
C:\Users\AliciaMoraVelasco\Documents\GitHub\Asteroids\Asteroids3\TPV2\TPV2\src\sdlutils\SDLUtils.h(47): message : al compilar la función del miembro clase plantilla "Font &SDLUtils::map_access_wrapper<Font>::at(std::string)"
C:\Users\AliciaMoraVelasco\Documents\GitHub\Asteroids\Asteroids3\TPV2\TPV2\src\sdlutils\SDLUtils.h(191): message : Vea la referencia a la creación de una instancia de clase plantilla "SDLUtils::map_access_wrapper<Font>" que se está compilando
C:\Users\AliciaMoraVelasco\Documents\GitHub\Asteroids\Asteroids3\TPV2\TPV2\src\ecs\Manager.h(84,32): warning C4244: 'argumento': conversión de '_Ty' a 'float'; posible pérdida de datos
          with
          [
              _Ty=int
          ]
C:\Users\AliciaMoraVelasco\Documents\GitHub\Asteroids\Asteroids3\TPV2\TPV2\src\states\PlayStateMultiplayer.cpp(26): message : Vea la referencia a la creación de una instancia de la función plantilla "T *Manager::addComponent<Transform,const Vector2D&,const Vector2D&,const int&,const int&,int>(Entity *,const Vector2D &,const Vector2D &,const int &,const int &,int &&)" que se está compilando
          with
          [
              T=Transform
          ]
C:\Users\AliciaMoraVelasco\Documents\GitHub\Asteroids\Asteroids3\TPV2\TPV2\src\ecs\Manager.h(84,32): warning C4244: 'argumento': conversión de 'const int' a 'float'; posible pérdida de datos
  BulletSystem.cpp
C:\Users\AliciaMoraVelasco\Documents\GitHub\Asteroids\Asteroids3\TPV2\TPV2\src\game\constants.h(16,25): warning C4838: la conversión de 'float' en 'int' requiere una conversión de restricción
C:\Users\AliciaMoraVelasco\Documents\GitHub\Asteroids\Asteroids3\TPV2\TPV2\src\game\constants.h(16,25): warning C4244: 'inicializando': conversión de 'float' a 'int'; posible pérdida de datos
C:\Users\AliciaMoraVelasco\Documents\GitHub\Asteroids\Asteroids3\TPV2\TPV2\src\game\constants.h(17,26): warning C4838: la conversión de 'float' en 'int' requiere una conversión de restricción
C:\Users\AliciaMoraVelasco\Documents\GitHub\Asteroids\Asteroids3\TPV2\TPV2\src\game\constants.h(17,26): warning C4244: 'inicializando': conversión de 'float' a 'int'; posible pérdida de datos
C:\Users\AliciaMoraVelasco\Documents\GitHub\Asteroids\Asteroids3\TPV2\TPV2\src\components\Transform.h(17,26): warning C4244: '=': conversión de 'float' a 'int'; posible pérdida de datos
C:\Users\AliciaMoraVelasco\Documents\GitHub\Asteroids\Asteroids3\TPV2\TPV2\src\components\Transform.h(18,26): warning C4244: '=': conversión de 'float' a 'int'; posible pérdida de datos
C:\Users\AliciaMoraVelasco\Documents\GitHub\Asteroids\Asteroids3\TPV2\TPV2\src\components\Transform.h(19,12): warning C4244: '=': conversión de 'float' a 'int'; posible pérdida de datos
C:\Users\AliciaMoraVelasco\Documents\GitHub\Asteroids\Asteroids3\TPV2\TPV2\src\components\Transform.h(20,12): warning C4244: '=': conversión de 'float' a 'int'; posible pérdida de datos
C:\Users\AliciaMoraVelasco\Documents\GitHub\Asteroids\Asteroids3\TPV2\TPV2\src\components\Transform.h(42,42): warning C4244: '=': conversión de 'int' a 'float'; posible pérdida de datos
C:\Users\AliciaMoraVelasco\Documents\GitHub\Asteroids\Asteroids3\TPV2\TPV2\src\systems\FighterSystem.h(98,29): warning C4244: 'argumento': conversión de 'const float' a 'int'; posible pérdida de datos
C:\Users\AliciaMoraVelasco\Documents\GitHub\Asteroids\Asteroids3\TPV2\TPV2\src\systems\FighterSystem.h(103,30): warning C4244: 'argumento': conversión de 'const float' a 'int'; posible pérdida de datos
C:\Users\AliciaMoraVelasco\Documents\GitHub\Asteroids\Asteroids3\TPV2\TPV2\src\systems\FighterSystem.h(107,30): warning C4244: 'argumento': conversión de 'const float' a 'int'; posible pérdida de datos
C:\Users\AliciaMoraVelasco\Documents\GitHub\Asteroids\Asteroids3\TPV2\TPV2\src\systems\FighterSystem.h(112,67): warning C4244: 'return': conversión de 'double' a 'float'; posible pérdida de datos
C:\Users\AliciaMoraVelasco\Documents\GitHub\Asteroids\Asteroids3\TPV2\TPV2\src\systems\BulletSystem.cpp(41,32): warning C4244: 'argumento': conversión de 'double' a 'float'; posible pérdida de datos
C:\Users\AliciaMoraVelasco\Documents\GitHub\Asteroids\Asteroids3\TPV2\TPV2\src\systems\BulletSystem.cpp(41,20): warning C4244: 'argumento': conversión de 'double' a 'float'; posible pérdida de datos
C:\Users\AliciaMoraVelasco\Documents\GitHub\Asteroids\Asteroids3\TPV2\TPV2\src\systems\BulletSystem.cpp(42,41): warning C4244: 'argumento': conversión de 'double' a 'float'; posible pérdida de datos
C:\Users\AliciaMoraVelasco\Documents\GitHub\Asteroids\Asteroids3\TPV2\TPV2\src\sdlutils\SDLUtils.h(50,32): warning C4101: 'e': variable local sin referencia
C:\Users\AliciaMoraVelasco\Documents\GitHub\Asteroids\Asteroids3\TPV2\TPV2\src\sdlutils\SDLUtils.h(47): message : al compilar la función del miembro clase plantilla "SoundEffect &SDLUtils::map_access_wrapper<SoundEffect>::at(std::string)"
C:\Users\AliciaMoraVelasco\Documents\GitHub\Asteroids\Asteroids3\TPV2\TPV2\src\sdlutils\SDLUtils.h(194): message : Vea la referencia a la creación de una instancia de clase plantilla "SDLUtils::map_access_wrapper<SoundEffect>" que se está compilando
C:\Users\AliciaMoraVelasco\Documents\GitHub\Asteroids\Asteroids3\TPV2\TPV2\src\ecs\Manager.h(84,32): warning C4244: 'argumento': conversión de 'const int' a 'float'; posible pérdida de datos
C:\Users\AliciaMoraVelasco\Documents\GitHub\Asteroids\Asteroids3\TPV2\TPV2\src\systems\BulletSystem.cpp(87): message : Vea la referencia a la creación de una instancia de la función plantilla "T *Manager::addComponent<Transform,Vector2D&,Vector2D&,const int&,const int&,float&>(Entity *,Vector2D &,Vector2D &,const int &,const int &,float &)" que se está compilando
          with
          [
              T=Transform
          ]
  FighterSystem.cpp
C:\Users\AliciaMoraVelasco\Documents\GitHub\Asteroids\Asteroids3\TPV2\TPV2\src\game\constants.h(16,25): warning C4838: la conversión de 'float' en 'int' requiere una conversión de restricción
C:\Users\AliciaMoraVelasco\Documents\GitHub\Asteroids\Asteroids3\TPV2\TPV2\src\game\constants.h(16,25): warning C4244: 'inicializando': conversión de 'float' a 'int'; posible pérdida de datos
C:\Users\AliciaMoraVelasco\Documents\GitHub\Asteroids\Asteroids3\TPV2\TPV2\src\game\constants.h(17,26): warning C4838: la conversión de 'float' en 'int' requiere una conversión de restricción
C:\Users\AliciaMoraVelasco\Documents\GitHub\Asteroids\Asteroids3\TPV2\TPV2\src\game\constants.h(17,26): warning C4244: 'inicializando': conversión de 'float' a 'int'; posible pérdida de datos
C:\Users\AliciaMoraVelasco\Documents\GitHub\Asteroids\Asteroids3\TPV2\TPV2\src\Components\Transform.h(17,26): warning C4244: '=': conversión de 'float' a 'int'; posible pérdida de datos
C:\Users\AliciaMoraVelasco\Documents\GitHub\Asteroids\Asteroids3\TPV2\TPV2\src\Components\Transform.h(18,26): warning C4244: '=': conversión de 'float' a 'int'; posible pérdida de datos
C:\Users\AliciaMoraVelasco\Documents\GitHub\Asteroids\Asteroids3\TPV2\TPV2\src\Components\Transform.h(19,12): warning C4244: '=': conversión de 'float' a 'int'; posible pérdida de datos
C:\Users\AliciaMoraVelasco\Documents\GitHub\Asteroids\Asteroids3\TPV2\TPV2\src\Components\Transform.h(20,12): warning C4244: '=': conversión de 'float' a 'int'; posible pérdida de datos
C:\Users\AliciaMoraVelasco\Documents\GitHub\Asteroids\Asteroids3\TPV2\TPV2\src\Components\Transform.h(42,42): warning C4244: '=': conversión de 'int' a 'float'; posible pérdida de datos
C:\Users\AliciaMoraVelasco\Documents\GitHub\Asteroids\Asteroids3\TPV2\TPV2\src\systems\FighterSystem.h(98,29): warning C4244: 'argumento': conversión de 'const float' a 'int'; posible pérdida de datos
C:\Users\AliciaMoraVelasco\Documents\GitHub\Asteroids\Asteroids3\TPV2\TPV2\src\systems\FighterSystem.h(103,30): warning C4244: 'argumento': conversión de 'const float' a 'int'; posible pérdida de datos
C:\Users\AliciaMoraVelasco\Documents\GitHub\Asteroids\Asteroids3\TPV2\TPV2\src\systems\FighterSystem.h(107,30): warning C4244: 'argumento': conversión de 'const float' a 'int'; posible pérdida de datos
C:\Users\AliciaMoraVelasco\Documents\GitHub\Asteroids\Asteroids3\TPV2\TPV2\src\systems\FighterSystem.h(112,67): warning C4244: 'return': conversión de 'double' a 'float'; posible pérdida de datos
C:\Users\AliciaMoraVelasco\Documents\GitHub\Asteroids\Asteroids3\TPV2\TPV2\src\sdlutils\SDLUtils.h(50,32): warning C4101: 'e': variable local sin referencia
C:\Users\AliciaMoraVelasco\Documents\GitHub\Asteroids\Asteroids3\TPV2\TPV2\src\sdlutils\SDLUtils.h(47): message : al compilar la función del miembro clase plantilla "SoundEffect &SDLUtils::map_access_wrapper<SoundEffect>::at(std::string)"
C:\Users\AliciaMoraVelasco\Documents\GitHub\Asteroids\Asteroids3\TPV2\TPV2\src\sdlutils\SDLUtils.h(194): message : Vea la referencia a la creación de una instancia de clase plantilla "SDLUtils::map_access_wrapper<SoundEffect>" que se está compilando
C:\Users\AliciaMoraVelasco\Documents\GitHub\Asteroids\Asteroids3\TPV2\TPV2\src\systems\FighterSystem.cpp(211,27): warning C4244: 'argumento': conversión de 'double' a 'float'; posible pérdida de datos
C:\Users\AliciaMoraVelasco\Documents\GitHub\Asteroids\Asteroids3\TPV2\TPV2\src\systems\FighterSystem.cpp(212,27): warning C4244: 'argumento': conversión de 'double' a 'float'; posible pérdida de datos
C:\Users\AliciaMoraVelasco\Documents\GitHub\Asteroids\Asteroids3\TPV2\TPV2\src\systems\FighterSystem.cpp(213,29): warning C4244: 'argumento': conversión de 'float' a 'int'; posible pérdida de datos
C:\Users\AliciaMoraVelasco\Documents\GitHub\Asteroids\Asteroids3\TPV2\TPV2\src\systems\FighterSystem.cpp(219,27): warning C4244: 'argumento': conversión de 'double' a 'float'; posible pérdida de datos
C:\Users\AliciaMoraVelasco\Documents\GitHub\Asteroids\Asteroids3\TPV2\TPV2\src\systems\FighterSystem.cpp(220,27): warning C4244: 'argumento': conversión de 'double' a 'float'; posible pérdida de datos
C:\Users\AliciaMoraVelasco\Documents\GitHub\Asteroids\Asteroids3\TPV2\TPV2\src\systems\FighterSystem.cpp(221,29): warning C4244: 'argumento': conversión de 'float' a 'int'; posible pérdida de datos
  GameCtrlSystem.cpp
C:\Users\AliciaMoraVelasco\Documents\GitHub\Asteroids\Asteroids3\TPV2\TPV2\src\game\constants.h(16,25): warning C4838: la conversión de 'float' en 'int' requiere una conversión de restricción
C:\Users\AliciaMoraVelasco\Documents\GitHub\Asteroids\Asteroids3\TPV2\TPV2\src\game\constants.h(16,25): warning C4244: 'inicializando': conversión de 'float' a 'int'; posible pérdida de datos
C:\Users\AliciaMoraVelasco\Documents\GitHub\Asteroids\Asteroids3\TPV2\TPV2\src\game\constants.h(17,26): warning C4838: la conversión de 'float' en 'int' requiere una conversión de restricción
C:\Users\AliciaMoraVelasco\Documents\GitHub\Asteroids\Asteroids3\TPV2\TPV2\src\game\constants.h(17,26): warning C4244: 'inicializando': conversión de 'float' a 'int'; posible pérdida de datos
C:\Users\AliciaMoraVelasco\Documents\GitHub\Asteroids\Asteroids3\TPV2\TPV2\src\Components\Transform.h(17,26): warning C4244: '=': conversión de 'float' a 'int'; posible pérdida de datos
C:\Users\AliciaMoraVelasco\Documents\GitHub\Asteroids\Asteroids3\TPV2\TPV2\src\Components\Transform.h(18,26): warning C4244: '=': conversión de 'float' a 'int'; posible pérdida de datos
C:\Users\AliciaMoraVelasco\Documents\GitHub\Asteroids\Asteroids3\TPV2\TPV2\src\Components\Transform.h(19,12): warning C4244: '=': conversión de 'float' a 'int'; posible pérdida de datos
C:\Users\AliciaMoraVelasco\Documents\GitHub\Asteroids\Asteroids3\TPV2\TPV2\src\Components\Transform.h(20,12): warning C4244: '=': conversión de 'float' a 'int'; posible pérdida de datos
C:\Users\AliciaMoraVelasco\Documents\GitHub\Asteroids\Asteroids3\TPV2\TPV2\src\Components\Transform.h(42,42): warning C4244: '=': conversión de 'int' a 'float'; posible pérdida de datos
C:\Users\AliciaMoraVelasco\Documents\GitHub\Asteroids\Asteroids3\TPV2\TPV2\src\systems\FighterSystem.h(98,29): warning C4244: 'argumento': conversión de 'const float' a 'int'; posible pérdida de datos
C:\Users\AliciaMoraVelasco\Documents\GitHub\Asteroids\Asteroids3\TPV2\TPV2\src\systems\FighterSystem.h(103,30): warning C4244: 'argumento': conversión de 'const float' a 'int'; posible pérdida de datos
C:\Users\AliciaMoraVelasco\Documents\GitHub\Asteroids\Asteroids3\TPV2\TPV2\src\systems\FighterSystem.h(107,30): warning C4244: 'argumento': conversión de 'const float' a 'int'; posible pérdida de datos
C:\Users\AliciaMoraVelasco\Documents\GitHub\Asteroids\Asteroids3\TPV2\TPV2\src\systems\FighterSystem.h(112,67): warning C4244: 'return': conversión de 'double' a 'float'; posible pérdida de datos
C:\Users\AliciaMoraVelasco\Documents\GitHub\Asteroids\Asteroids3\TPV2\TPV2\src\sdlutils\SDLUtils.h(50,32): warning C4101: 'e': variable local sin referencia
C:\Users\AliciaMoraVelasco\Documents\GitHub\Asteroids\Asteroids3\TPV2\TPV2\src\sdlutils\SDLUtils.h(47): message : al compilar la función del miembro clase plantilla "Font &SDLUtils::map_access_wrapper<Font>::at(std::string)"
C:\Users\AliciaMoraVelasco\Documents\GitHub\Asteroids\Asteroids3\TPV2\TPV2\src\sdlutils\SDLUtils.h(191): message : Vea la referencia a la creación de una instancia de clase plantilla "SDLUtils::map_access_wrapper<Font>" que se está compilando
C:\Users\AliciaMoraVelasco\Documents\GitHub\Asteroids\Asteroids3\TPV2\TPV2\src\systems\GameCtrlSystem.cpp(203,5): warning C4267: 'inicializando': conversión de 'size_t' a 'int'; posible pérdida de datos
  NetWorkSystem.cpp
C:\Users\AliciaMoraVelasco\Documents\GitHub\Asteroids\Asteroids3\TPV2\TPV2\src\game\constants.h(16,25): warning C4838: la conversión de 'float' en 'int' requiere una conversión de restricción
C:\Users\AliciaMoraVelasco\Documents\GitHub\Asteroids\Asteroids3\TPV2\TPV2\src\game\constants.h(16,25): warning C4244: 'inicializando': conversión de 'float' a 'int'; posible pérdida de datos
C:\Users\AliciaMoraVelasco\Documents\GitHub\Asteroids\Asteroids3\TPV2\TPV2\src\game\constants.h(17,26): warning C4838: la conversión de 'float' en 'int' requiere una conversión de restricción
C:\Users\AliciaMoraVelasco\Documents\GitHub\Asteroids\Asteroids3\TPV2\TPV2\src\game\constants.h(17,26): warning C4244: 'inicializando': conversión de 'float' a 'int'; posible pérdida de datos
C:\Users\AliciaMoraVelasco\Documents\GitHub\Asteroids\Asteroids3\TPV2\TPV2\src\components\Transform.h(17,26): warning C4244: '=': conversión de 'float' a 'int'; posible pérdida de datos
C:\Users\AliciaMoraVelasco\Documents\GitHub\Asteroids\Asteroids3\TPV2\TPV2\src\components\Transform.h(18,26): warning C4244: '=': conversión de 'float' a 'int'; posible pérdida de datos
C:\Users\AliciaMoraVelasco\Documents\GitHub\Asteroids\Asteroids3\TPV2\TPV2\src\components\Transform.h(19,12): warning C4244: '=': conversión de 'float' a 'int'; posible pérdida de datos
C:\Users\AliciaMoraVelasco\Documents\GitHub\Asteroids\Asteroids3\TPV2\TPV2\src\components\Transform.h(20,12): warning C4244: '=': conversión de 'float' a 'int'; posible pérdida de datos
C:\Users\AliciaMoraVelasco\Documents\GitHub\Asteroids\Asteroids3\TPV2\TPV2\src\components\Transform.h(42,42): warning C4244: '=': conversión de 'int' a 'float'; posible pérdida de datos
C:\Users\AliciaMoraVelasco\Documents\GitHub\Asteroids\Asteroids3\TPV2\TPV2\src\systems\FighterSystem.h(98,29): warning C4244: 'argumento': conversión de 'const float' a 'int'; posible pérdida de datos
C:\Users\AliciaMoraVelasco\Documents\GitHub\Asteroids\Asteroids3\TPV2\TPV2\src\systems\FighterSystem.h(103,30): warning C4244: 'argumento': conversión de 'const float' a 'int'; posible pérdida de datos
C:\Users\AliciaMoraVelasco\Documents\GitHub\Asteroids\Asteroids3\TPV2\TPV2\src\systems\FighterSystem.h(107,30): warning C4244: 'argumento': conversión de 'const float' a 'int'; posible pérdida de datos
C:\Users\AliciaMoraVelasco\Documents\GitHub\Asteroids\Asteroids3\TPV2\TPV2\src\systems\FighterSystem.h(112,67): warning C4244: 'return': conversión de 'double' a 'float'; posible pérdida de datos
C:\Users\AliciaMoraVelasco\Documents\GitHub\Asteroids\Asteroids3\TPV2\TPV2\src\sdlutils\SDLUtils.h(50,32): warning C4101: 'e': variable local sin referencia
C:\Users\AliciaMoraVelasco\Documents\GitHub\Asteroids\Asteroids3\TPV2\TPV2\src\sdlutils\SDLUtils.h(47): message : al compilar la función del miembro clase plantilla "Font &SDLUtils::map_access_wrapper<Font>::at(std::string)"
C:\Users\AliciaMoraVelasco\Documents\GitHub\Asteroids\Asteroids3\TPV2\TPV2\src\sdlutils\SDLUtils.h(191): message : Vea la referencia a la creación de una instancia de clase plantilla "SDLUtils::map_access_wrapper<Font>" que se está compilando
C:\Users\AliciaMoraVelasco\Documents\GitHub\Asteroids\Asteroids3\TPV2\TPV2\src\ecs\Manager.h(84,32): warning C4244: 'argumento': conversión de '_Ty' a 'float'; posible pérdida de datos
          with
          [
              _Ty=int
          ]
C:\Users\AliciaMoraVelasco\Documents\GitHub\Asteroids\Asteroids3\TPV2\TPV2\src\systems\NetWorkSystem.cpp(54): message : Vea la referencia a la creación de una instancia de la función plantilla "T *Manager::addComponent<Transform,const Vector2D&,const Vector2D&,const int&,const int&,int>(Entity *,const Vector2D &,const Vector2D &,const int &,const int &,int &&)" que se está compilando
          with
          [
              T=Transform
          ]
C:\Users\AliciaMoraVelasco\Documents\GitHub\Asteroids\Asteroids3\TPV2\TPV2\src\ecs\Manager.h(84,32): warning C4244: 'argumento': conversión de 'const int' a 'float'; posible pérdida de datos
  RenderSystem.cpp
C:\Users\AliciaMoraVelasco\Documents\GitHub\Asteroids\Asteroids3\TPV2\TPV2\src\game\constants.h(16,25): warning C4838: la conversión de 'float' en 'int' requiere una conversión de restricción
C:\Users\AliciaMoraVelasco\Documents\GitHub\Asteroids\Asteroids3\TPV2\TPV2\src\game\constants.h(16,25): warning C4244: 'inicializando': conversión de 'float' a 'int'; posible pérdida de datos
C:\Users\AliciaMoraVelasco\Documents\GitHub\Asteroids\Asteroids3\TPV2\TPV2\src\game\constants.h(17,26): warning C4838: la conversión de 'float' en 'int' requiere una conversión de restricción
C:\Users\AliciaMoraVelasco\Documents\GitHub\Asteroids\Asteroids3\TPV2\TPV2\src\game\constants.h(17,26): warning C4244: 'inicializando': conversión de 'float' a 'int'; posible pérdida de datos
C:\Users\AliciaMoraVelasco\Documents\GitHub\Asteroids\Asteroids3\TPV2\TPV2\src\Components\Transform.h(17,26): warning C4244: '=': conversión de 'float' a 'int'; posible pérdida de datos
C:\Users\AliciaMoraVelasco\Documents\GitHub\Asteroids\Asteroids3\TPV2\TPV2\src\Components\Transform.h(18,26): warning C4244: '=': conversión de 'float' a 'int'; posible pérdida de datos
C:\Users\AliciaMoraVelasco\Documents\GitHub\Asteroids\Asteroids3\TPV2\TPV2\src\Components\Transform.h(19,12): warning C4244: '=': conversión de 'float' a 'int'; posible pérdida de datos
C:\Users\AliciaMoraVelasco\Documents\GitHub\Asteroids\Asteroids3\TPV2\TPV2\src\Components\Transform.h(20,12): warning C4244: '=': conversión de 'float' a 'int'; posible pérdida de datos
C:\Users\AliciaMoraVelasco\Documents\GitHub\Asteroids\Asteroids3\TPV2\TPV2\src\Components\Transform.h(42,42): warning C4244: '=': conversión de 'int' a 'float'; posible pérdida de datos
C:\Users\AliciaMoraVelasco\Documents\GitHub\Asteroids\Asteroids3\TPV2\TPV2\src\systems\FighterSystem.h(98,29): warning C4244: 'argumento': conversión de 'const float' a 'int'; posible pérdida de datos
C:\Users\AliciaMoraVelasco\Documents\GitHub\Asteroids\Asteroids3\TPV2\TPV2\src\systems\FighterSystem.h(103,30): warning C4244: 'argumento': conversión de 'const float' a 'int'; posible pérdida de datos
C:\Users\AliciaMoraVelasco\Documents\GitHub\Asteroids\Asteroids3\TPV2\TPV2\src\systems\FighterSystem.h(107,30): warning C4244: 'argumento': conversión de 'const float' a 'int'; posible pérdida de datos
C:\Users\AliciaMoraVelasco\Documents\GitHub\Asteroids\Asteroids3\TPV2\TPV2\src\systems\FighterSystem.h(112,67): warning C4244: 'return': conversión de 'double' a 'float'; posible pérdida de datos
C:\Users\AliciaMoraVelasco\Documents\GitHub\Asteroids\Asteroids3\TPV2\TPV2\src\sdlutils\SDLUtils.h(50,32): warning C4101: 'e': variable local sin referencia
C:\Users\AliciaMoraVelasco\Documents\GitHub\Asteroids\Asteroids3\TPV2\TPV2\src\sdlutils\SDLUtils.h(47): message : al compilar la función del miembro clase plantilla "Texture &SDLUtils::map_access_wrapper<Texture>::at(std::string)"
C:\Users\AliciaMoraVelasco\Documents\GitHub\Asteroids\Asteroids3\TPV2\TPV2\src\sdlutils\SDLUtils.h(192): message : Vea la referencia a la creación de una instancia de clase plantilla "SDLUtils::map_access_wrapper<Texture>" que se está compilando
  Generando código...
C:\Users\AliciaMoraVelasco\Documents\GitHub\Asteroids\Asteroids3\TPV2\TPV2\src\Components\Transform.h(21): warning C4172: devolución de dirección de la variable local o temporal: rect
LINK : fatal error LNK1168: no se puede abrir C:\Users\AliciaMoraVelasco\Documents\GitHub\Asteroids\Asteroids3\TPV2\bin\TPV2Debug.exe para escritura
